The target system is: Android - 15 - armv7-a
The host system is: Linux - 3.16.0-4-amd64 - x86_64
Determining if the C compiler works passed with the following output:
Change Dir: /home/pacien/code/android-ndk/hello-jni/app/externalNativeBuild/cmake/debug/armeabi-v7a/CMakeFiles/CMakeTmp

Run Build Command:"/opt/android-sdk-linux/cmake/3.6/bin/ninja" "cmTC_8c0c6"
[1/2] Building C object CMakeFiles/cmTC_8c0c6.dir/testCCompiler.c.o
[2/2] Linking C executable cmTC_8c0c6
clang: warning: argument unused during compilation: '-Wa,--noexecstack'


Detecting C compiler ABI info compiled with the following output:
Change Dir: /home/pacien/code/android-ndk/hello-jni/app/externalNativeBuild/cmake/debug/armeabi-v7a/CMakeFiles/CMakeTmp

Run Build Command:"/opt/android-sdk-linux/cmake/3.6/bin/ninja" "cmTC_5021d"
[1/2] Building C object CMakeFiles/cmTC_5021d.dir/CMakeCCompilerABI.c.o
[2/2] Linking C executable cmTC_5021d
Android clang version 3.8.256229  (based on LLVM 3.8.256229)
Target: armv7-none-linux-android
Thread model: posix
InstalledDir: /opt/android-sdk-linux/ndk-bundle/toolchains/llvm/prebuilt/linux-x86_64/bin
Found candidate GCC installation: /opt/android-sdk-linux/ndk-bundle/toolchains/arm-linux-androideabi-4.9/prebuilt/linux-x86_64/lib/gcc/arm-linux-androideabi/4.9.x
Selected GCC installation: /opt/android-sdk-linux/ndk-bundle/toolchains/arm-linux-androideabi-4.9/prebuilt/linux-x86_64/lib/gcc/arm-linux-androideabi/4.9.x
Candidate multilib: .;@m32
Selected multilib: .;@m32
clang: warning: argument unused during compilation: '-Wa,--noexecstack'
 "/opt/android-sdk-linux/ndk-bundle/toolchains/arm-linux-androideabi-4.9/prebuilt/linux-x86_64/lib/gcc/arm-linux-androideabi/4.9.x/../../../../arm-linux-androideabi/bin/ld" --sysroot=/opt/android-sdk-linux/ndk-bundle/platforms/android-15/arch-arm -X --build-id --eh-frame-hdr -m armelf_linux_eabi -dynamic-linker /system/bin/linker -o cmTC_5021d /opt/android-sdk-linux/ndk-bundle/platforms/android-15/arch-arm/usr/lib/../lib/crtbegin_dynamic.o -L/opt/android-sdk-linux/ndk-bundle/toolchains/arm-linux-androideabi-4.9/prebuilt/linux-x86_64/lib/gcc/arm-linux-androideabi/4.9.x -L/opt/android-sdk-linux/ndk-bundle/toolchains/arm-linux-androideabi-4.9/prebuilt/linux-x86_64/lib/gcc/arm-linux-androideabi/4.9.x/../../../../arm-linux-androideabi/lib/../lib -L/opt/android-sdk-linux/ndk-bundle/platforms/android-15/arch-arm/usr/lib/../lib -L/opt/android-sdk-linux/ndk-bundle/toolchains/arm-linux-androideabi-4.9/prebuilt/linux-x86_64/lib/gcc/arm-linux-androideabi/4.9.x/../../../../arm-linux-androideabi/lib -L/opt/android-sdk-linux/ndk-bundle/platforms/android-15/arch-arm/usr/lib --build-id --warn-shared-textrel --fatal-warnings --fix-cortex-a8 --no-undefined -z noexecstack -z relro -z now --gc-sections -z nocopyreloc CMakeFiles/cmTC_5021d.dir/CMakeCCompilerABI.c.o -lgcc -ldl -lc -lgcc -ldl /opt/android-sdk-linux/ndk-bundle/platforms/android-15/arch-arm/usr/lib/../lib/crtend_android.o


Parsed C implicit link information from above output:
  link line regex: [^( *|.*[/\])(arm-linux-androideabi-ld|([^/\]+-)?ld|collect2)[^/\]*( |$)]
  ignore line: [Change Dir: /home/pacien/code/android-ndk/hello-jni/app/externalNativeBuild/cmake/debug/armeabi-v7a/CMakeFiles/CMakeTmp]
  ignore line: []
  ignore line: [Run Build Command:"/opt/android-sdk-linux/cmake/3.6/bin/ninja" "cmTC_5021d"]
  ignore line: [[1/2] Building C object CMakeFiles/cmTC_5021d.dir/CMakeCCompilerABI.c.o]
  ignore line: [[2/2] Linking C executable cmTC_5021d]
  ignore line: [Android clang version 3.8.256229  (based on LLVM 3.8.256229)]
  ignore line: [Target: armv7-none-linux-android]
  ignore line: [Thread model: posix]
  ignore line: [InstalledDir: /opt/android-sdk-linux/ndk-bundle/toolchains/llvm/prebuilt/linux-x86_64/bin]
  ignore line: [Found candidate GCC installation: /opt/android-sdk-linux/ndk-bundle/toolchains/arm-linux-androideabi-4.9/prebuilt/linux-x86_64/lib/gcc/arm-linux-androideabi/4.9.x]
  ignore line: [Selected GCC installation: /opt/android-sdk-linux/ndk-bundle/toolchains/arm-linux-androideabi-4.9/prebuilt/linux-x86_64/lib/gcc/arm-linux-androideabi/4.9.x]
  ignore line: [Candidate multilib: .]
  ignore line: [@m32]
  ignore line: [Selected multilib: .]
  ignore line: [@m32]
  ignore line: [clang: warning: argument unused during compilation: '-Wa,--noexecstack']
  link line: [ "/opt/android-sdk-linux/ndk-bundle/toolchains/arm-linux-androideabi-4.9/prebuilt/linux-x86_64/lib/gcc/arm-linux-androideabi/4.9.x/../../../../arm-linux-androideabi/bin/ld" --sysroot=/opt/android-sdk-linux/ndk-bundle/platforms/android-15/arch-arm -X --build-id --eh-frame-hdr -m armelf_linux_eabi -dynamic-linker /system/bin/linker -o cmTC_5021d /opt/android-sdk-linux/ndk-bundle/platforms/android-15/arch-arm/usr/lib/../lib/crtbegin_dynamic.o -L/opt/android-sdk-linux/ndk-bundle/toolchains/arm-linux-androideabi-4.9/prebuilt/linux-x86_64/lib/gcc/arm-linux-androideabi/4.9.x -L/opt/android-sdk-linux/ndk-bundle/toolchains/arm-linux-androideabi-4.9/prebuilt/linux-x86_64/lib/gcc/arm-linux-androideabi/4.9.x/../../../../arm-linux-androideabi/lib/../lib -L/opt/android-sdk-linux/ndk-bundle/platforms/android-15/arch-arm/usr/lib/../lib -L/opt/android-sdk-linux/ndk-bundle/toolchains/arm-linux-androideabi-4.9/prebuilt/linux-x86_64/lib/gcc/arm-linux-androideabi/4.9.x/../../../../arm-linux-androideabi/lib -L/opt/android-sdk-linux/ndk-bundle/platforms/android-15/arch-arm/usr/lib --build-id --warn-shared-textrel --fatal-warnings --fix-cortex-a8 --no-undefined -z noexecstack -z relro -z now --gc-sections -z nocopyreloc CMakeFiles/cmTC_5021d.dir/CMakeCCompilerABI.c.o -lgcc -ldl -lc -lgcc -ldl /opt/android-sdk-linux/ndk-bundle/platforms/android-15/arch-arm/usr/lib/../lib/crtend_android.o]
    arg [/opt/android-sdk-linux/ndk-bundle/toolchains/arm-linux-androideabi-4.9/prebuilt/linux-x86_64/lib/gcc/arm-linux-androideabi/4.9.x/../../../../arm-linux-androideabi/bin/ld] ==> ignore
    arg [--sysroot=/opt/android-sdk-linux/ndk-bundle/platforms/android-15/arch-arm] ==> ignore
    arg [-X] ==> ignore
    arg [--build-id] ==> ignore
    arg [--eh-frame-hdr] ==> ignore
    arg [-m] ==> ignore
    arg [armelf_linux_eabi] ==> ignore
    arg [-dynamic-linker] ==> ignore
    arg [/system/bin/linker] ==> ignore
    arg [-o] ==> ignore
    arg [cmTC_5021d] ==> ignore
    arg [/opt/android-sdk-linux/ndk-bundle/platforms/android-15/arch-arm/usr/lib/../lib/crtbegin_dynamic.o] ==> ignore
    arg [-L/opt/android-sdk-linux/ndk-bundle/toolchains/arm-linux-androideabi-4.9/prebuilt/linux-x86_64/lib/gcc/arm-linux-androideabi/4.9.x] ==> dir [/opt/android-sdk-linux/ndk-bundle/toolchains/arm-linux-androideabi-4.9/prebuilt/linux-x86_64/lib/gcc/arm-linux-androideabi/4.9.x]
    arg [-L/opt/android-sdk-linux/ndk-bundle/toolchains/arm-linux-androideabi-4.9/prebuilt/linux-x86_64/lib/gcc/arm-linux-androideabi/4.9.x/../../../../arm-linux-androideabi/lib/../lib] ==> dir [/opt/android-sdk-linux/ndk-bundle/toolchains/arm-linux-androideabi-4.9/prebuilt/linux-x86_64/lib/gcc/arm-linux-androideabi/4.9.x/../../../../arm-linux-androideabi/lib/../lib]
    arg [-L/opt/android-sdk-linux/ndk-bundle/platforms/android-15/arch-arm/usr/lib/../lib] ==> dir [/opt/android-sdk-linux/ndk-bundle/platforms/android-15/arch-arm/usr/lib/../lib]
    arg [-L/opt/android-sdk-linux/ndk-bundle/toolchains/arm-linux-androideabi-4.9/prebuilt/linux-x86_64/lib/gcc/arm-linux-androideabi/4.9.x/../../../../arm-linux-androideabi/lib] ==> dir [/opt/android-sdk-linux/ndk-bundle/toolchains/arm-linux-androideabi-4.9/prebuilt/linux-x86_64/lib/gcc/arm-linux-androideabi/4.9.x/../../../../arm-linux-androideabi/lib]
    arg [-L/opt/android-sdk-linux/ndk-bundle/platforms/android-15/arch-arm/usr/lib] ==> dir [/opt/android-sdk-linux/ndk-bundle/platforms/android-15/arch-arm/usr/lib]
    arg [--build-id] ==> ignore
    arg [--warn-shared-textrel] ==> ignore
    arg [--fatal-warnings] ==> ignore
    arg [--fix-cortex-a8] ==> ignore
    arg [--no-undefined] ==> ignore
    arg [-znoexecstack] ==> ignore
    arg [-zrelro] ==> ignore
    arg [-znow] ==> ignore
    arg [--gc-sections] ==> ignore
    arg [-znocopyreloc] ==> ignore
    arg [CMakeFiles/cmTC_5021d.dir/CMakeCCompilerABI.c.o] ==> ignore
    arg [-lgcc] ==> lib [gcc]
    arg [-ldl] ==> lib [dl]
    arg [-lc] ==> lib [c]
    arg [-lgcc] ==> lib [gcc]
    arg [-ldl] ==> lib [dl]
    arg [/opt/android-sdk-linux/ndk-bundle/platforms/android-15/arch-arm/usr/lib/../lib/crtend_android.o] ==> ignore
  remove lib [gcc]
  remove lib [gcc]
  collapse library dir [/opt/android-sdk-linux/ndk-bundle/toolchains/arm-linux-androideabi-4.9/prebuilt/linux-x86_64/lib/gcc/arm-linux-androideabi/4.9.x] ==> [/opt/android-sdk-linux/ndk-bundle/toolchains/arm-linux-androideabi-4.9/prebuilt/linux-x86_64/lib/gcc/arm-linux-androideabi/4.9.x]
  collapse library dir [/opt/android-sdk-linux/ndk-bundle/toolchains/arm-linux-androideabi-4.9/prebuilt/linux-x86_64/lib/gcc/arm-linux-androideabi/4.9.x/../../../../arm-linux-androideabi/lib/../lib] ==> [/opt/android-sdk-linux/ndk-bundle/toolchains/arm-linux-androideabi-4.9/prebuilt/linux-x86_64/arm-linux-androideabi/lib]
  collapse library dir [/opt/android-sdk-linux/ndk-bundle/platforms/android-15/arch-arm/usr/lib/../lib] ==> [/opt/android-sdk-linux/ndk-bundle/platforms/android-15/arch-arm/usr/lib]
  collapse library dir [/opt/android-sdk-linux/ndk-bundle/toolchains/arm-linux-androideabi-4.9/prebuilt/linux-x86_64/lib/gcc/arm-linux-androideabi/4.9.x/../../../../arm-linux-androideabi/lib] ==> [/opt/android-sdk-linux/ndk-bundle/toolchains/arm-linux-androideabi-4.9/prebuilt/linux-x86_64/arm-linux-androideabi/lib]
  collapse library dir [/opt/android-sdk-linux/ndk-bundle/platforms/android-15/arch-arm/usr/lib] ==> [/opt/android-sdk-linux/ndk-bundle/platforms/android-15/arch-arm/usr/lib]
  implicit libs: [dl;c;dl]
  implicit dirs: [/opt/android-sdk-linux/ndk-bundle/toolchains/arm-linux-androideabi-4.9/prebuilt/linux-x86_64/lib/gcc/arm-linux-androideabi/4.9.x;/opt/android-sdk-linux/ndk-bundle/toolchains/arm-linux-androideabi-4.9/prebuilt/linux-x86_64/arm-linux-androideabi/lib;/opt/android-sdk-linux/ndk-bundle/platforms/android-15/arch-arm/usr/lib]
  implicit fwks: []


Determining if the CXX compiler works passed with the following output:
Change Dir: /home/pacien/code/android-ndk/hello-jni/app/externalNativeBuild/cmake/debug/armeabi-v7a/CMakeFiles/CMakeTmp

Run Build Command:"/opt/android-sdk-linux/cmake/3.6/bin/ninja" "cmTC_3a7cc"
[1/2] Building CXX object CMakeFiles/cmTC_3a7cc.dir/testCXXCompiler.cxx.o
[2/2] Linking CXX executable cmTC_3a7cc
clang++: warning: argument unused during compilation: '-Wa,--noexecstack'


Detecting CXX compiler ABI info compiled with the following output:
Change Dir: /home/pacien/code/android-ndk/hello-jni/app/externalNativeBuild/cmake/debug/armeabi-v7a/CMakeFiles/CMakeTmp

Run Build Command:"/opt/android-sdk-linux/cmake/3.6/bin/ninja" "cmTC_e4232"
[1/2] Building CXX object CMakeFiles/cmTC_e4232.dir/CMakeCXXCompilerABI.cpp.o
[2/2] Linking CXX executable cmTC_e4232
Android clang version 3.8.256229  (based on LLVM 3.8.256229)
Target: armv7-none-linux-android
Thread model: posix
InstalledDir: /opt/android-sdk-linux/ndk-bundle/toolchains/llvm/prebuilt/linux-x86_64/bin
Found candidate GCC installation: /opt/android-sdk-linux/ndk-bundle/toolchains/arm-linux-androideabi-4.9/prebuilt/linux-x86_64/lib/gcc/arm-linux-androideabi/4.9.x
Selected GCC installation: /opt/android-sdk-linux/ndk-bundle/toolchains/arm-linux-androideabi-4.9/prebuilt/linux-x86_64/lib/gcc/arm-linux-androideabi/4.9.x
Candidate multilib: .;@m32
Selected multilib: .;@m32
clang++: warning: argument unused during compilation: '-Wa,--noexecstack'
 "/opt/android-sdk-linux/ndk-bundle/toolchains/arm-linux-androideabi-4.9/prebuilt/linux-x86_64/lib/gcc/arm-linux-androideabi/4.9.x/../../../../arm-linux-androideabi/bin/ld" --sysroot=/opt/android-sdk-linux/ndk-bundle/platforms/android-15/arch-arm -X --build-id --eh-frame-hdr -m armelf_linux_eabi -dynamic-linker /system/bin/linker -o cmTC_e4232 /opt/android-sdk-linux/ndk-bundle/platforms/android-15/arch-arm/usr/lib/../lib/crtbegin_dynamic.o -L/opt/android-sdk-linux/ndk-bundle/toolchains/arm-linux-androideabi-4.9/prebuilt/linux-x86_64/lib/gcc/arm-linux-androideabi/4.9.x -L/opt/android-sdk-linux/ndk-bundle/toolchains/arm-linux-androideabi-4.9/prebuilt/linux-x86_64/lib/gcc/arm-linux-androideabi/4.9.x/../../../../arm-linux-androideabi/lib/../lib -L/opt/android-sdk-linux/ndk-bundle/platforms/android-15/arch-arm/usr/lib/../lib -L/opt/android-sdk-linux/ndk-bundle/toolchains/arm-linux-androideabi-4.9/prebuilt/linux-x86_64/lib/gcc/arm-linux-androideabi/4.9.x/../../../../arm-linux-androideabi/lib -L/opt/android-sdk-linux/ndk-bundle/platforms/android-15/arch-arm/usr/lib --build-id --warn-shared-textrel --fatal-warnings --fix-cortex-a8 --no-undefined -z noexecstack -z relro -z now --gc-sections -z nocopyreloc CMakeFiles/cmTC_e4232.dir/CMakeCXXCompilerABI.cpp.o /opt/android-sdk-linux/ndk-bundle/sources/cxx-stl/gnu-libstdc++/4.9/libs/armeabi-v7a/libgnustl_static.a -lstdc++ -lm -lgcc -lgcc -ldl -lc -lgcc -lgcc -ldl /opt/android-sdk-linux/ndk-bundle/platforms/android-15/arch-arm/usr/lib/../lib/crtend_android.o


Parsed CXX implicit link information from above output:
  link line regex: [^( *|.*[/\])(arm-linux-androideabi-ld|([^/\]+-)?ld|collect2)[^/\]*( |$)]
  ignore line: [Change Dir: /home/pacien/code/android-ndk/hello-jni/app/externalNativeBuild/cmake/debug/armeabi-v7a/CMakeFiles/CMakeTmp]
  ignore line: []
  ignore line: [Run Build Command:"/opt/android-sdk-linux/cmake/3.6/bin/ninja" "cmTC_e4232"]
  ignore line: [[1/2] Building CXX object CMakeFiles/cmTC_e4232.dir/CMakeCXXCompilerABI.cpp.o]
  ignore line: [[2/2] Linking CXX executable cmTC_e4232]
  ignore line: [Android clang version 3.8.256229  (based on LLVM 3.8.256229)]
  ignore line: [Target: armv7-none-linux-android]
  ignore line: [Thread model: posix]
  ignore line: [InstalledDir: /opt/android-sdk-linux/ndk-bundle/toolchains/llvm/prebuilt/linux-x86_64/bin]
  ignore line: [Found candidate GCC installation: /opt/android-sdk-linux/ndk-bundle/toolchains/arm-linux-androideabi-4.9/prebuilt/linux-x86_64/lib/gcc/arm-linux-androideabi/4.9.x]
  ignore line: [Selected GCC installation: /opt/android-sdk-linux/ndk-bundle/toolchains/arm-linux-androideabi-4.9/prebuilt/linux-x86_64/lib/gcc/arm-linux-androideabi/4.9.x]
  ignore line: [Candidate multilib: .]
  ignore line: [@m32]
  ignore line: [Selected multilib: .]
  ignore line: [@m32]
  ignore line: [clang++: warning: argument unused during compilation: '-Wa,--noexecstack']
  link line: [ "/opt/android-sdk-linux/ndk-bundle/toolchains/arm-linux-androideabi-4.9/prebuilt/linux-x86_64/lib/gcc/arm-linux-androideabi/4.9.x/../../../../arm-linux-androideabi/bin/ld" --sysroot=/opt/android-sdk-linux/ndk-bundle/platforms/android-15/arch-arm -X --build-id --eh-frame-hdr -m armelf_linux_eabi -dynamic-linker /system/bin/linker -o cmTC_e4232 /opt/android-sdk-linux/ndk-bundle/platforms/android-15/arch-arm/usr/lib/../lib/crtbegin_dynamic.o -L/opt/android-sdk-linux/ndk-bundle/toolchains/arm-linux-androideabi-4.9/prebuilt/linux-x86_64/lib/gcc/arm-linux-androideabi/4.9.x -L/opt/android-sdk-linux/ndk-bundle/toolchains/arm-linux-androideabi-4.9/prebuilt/linux-x86_64/lib/gcc/arm-linux-androideabi/4.9.x/../../../../arm-linux-androideabi/lib/../lib -L/opt/android-sdk-linux/ndk-bundle/platforms/android-15/arch-arm/usr/lib/../lib -L/opt/android-sdk-linux/ndk-bundle/toolchains/arm-linux-androideabi-4.9/prebuilt/linux-x86_64/lib/gcc/arm-linux-androideabi/4.9.x/../../../../arm-linux-androideabi/lib -L/opt/android-sdk-linux/ndk-bundle/platforms/android-15/arch-arm/usr/lib --build-id --warn-shared-textrel --fatal-warnings --fix-cortex-a8 --no-undefined -z noexecstack -z relro -z now --gc-sections -z nocopyreloc CMakeFiles/cmTC_e4232.dir/CMakeCXXCompilerABI.cpp.o /opt/android-sdk-linux/ndk-bundle/sources/cxx-stl/gnu-libstdc++/4.9/libs/armeabi-v7a/libgnustl_static.a -lstdc++ -lm -lgcc -lgcc -ldl -lc -lgcc -lgcc -ldl /opt/android-sdk-linux/ndk-bundle/platforms/android-15/arch-arm/usr/lib/../lib/crtend_android.o]
    arg [/opt/android-sdk-linux/ndk-bundle/toolchains/arm-linux-androideabi-4.9/prebuilt/linux-x86_64/lib/gcc/arm-linux-androideabi/4.9.x/../../../../arm-linux-androideabi/bin/ld] ==> ignore
    arg [--sysroot=/opt/android-sdk-linux/ndk-bundle/platforms/android-15/arch-arm] ==> ignore
    arg [-X] ==> ignore
    arg [--build-id] ==> ignore
    arg [--eh-frame-hdr] ==> ignore
    arg [-m] ==> ignore
    arg [armelf_linux_eabi] ==> ignore
    arg [-dynamic-linker] ==> ignore
    arg [/system/bin/linker] ==> ignore
    arg [-o] ==> ignore
    arg [cmTC_e4232] ==> ignore
    arg [/opt/android-sdk-linux/ndk-bundle/platforms/android-15/arch-arm/usr/lib/../lib/crtbegin_dynamic.o] ==> ignore
    arg [-L/opt/android-sdk-linux/ndk-bundle/toolchains/arm-linux-androideabi-4.9/prebuilt/linux-x86_64/lib/gcc/arm-linux-androideabi/4.9.x] ==> dir [/opt/android-sdk-linux/ndk-bundle/toolchains/arm-linux-androideabi-4.9/prebuilt/linux-x86_64/lib/gcc/arm-linux-androideabi/4.9.x]
    arg [-L/opt/android-sdk-linux/ndk-bundle/toolchains/arm-linux-androideabi-4.9/prebuilt/linux-x86_64/lib/gcc/arm-linux-androideabi/4.9.x/../../../../arm-linux-androideabi/lib/../lib] ==> dir [/opt/android-sdk-linux/ndk-bundle/toolchains/arm-linux-androideabi-4.9/prebuilt/linux-x86_64/lib/gcc/arm-linux-androideabi/4.9.x/../../../../arm-linux-androideabi/lib/../lib]
    arg [-L/opt/android-sdk-linux/ndk-bundle/platforms/android-15/arch-arm/usr/lib/../lib] ==> dir [/opt/android-sdk-linux/ndk-bundle/platforms/android-15/arch-arm/usr/lib/../lib]
    arg [-L/opt/android-sdk-linux/ndk-bundle/toolchains/arm-linux-androideabi-4.9/prebuilt/linux-x86_64/lib/gcc/arm-linux-androideabi/4.9.x/../../../../arm-linux-androideabi/lib] ==> dir [/opt/android-sdk-linux/ndk-bundle/toolchains/arm-linux-androideabi-4.9/prebuilt/linux-x86_64/lib/gcc/arm-linux-androideabi/4.9.x/../../../../arm-linux-androideabi/lib]
    arg [-L/opt/android-sdk-linux/ndk-bundle/platforms/android-15/arch-arm/usr/lib] ==> dir [/opt/android-sdk-linux/ndk-bundle/platforms/android-15/arch-arm/usr/lib]
    arg [--build-id] ==> ignore
    arg [--warn-shared-textrel] ==> ignore
    arg [--fatal-warnings] ==> ignore
    arg [--fix-cortex-a8] ==> ignore
    arg [--no-undefined] ==> ignore
    arg [-znoexecstack] ==> ignore
    arg [-zrelro] ==> ignore
    arg [-znow] ==> ignore
    arg [--gc-sections] ==> ignore
    arg [-znocopyreloc] ==> ignore
    arg [CMakeFiles/cmTC_e4232.dir/CMakeCXXCompilerABI.cpp.o] ==> ignore
    arg [/opt/android-sdk-linux/ndk-bundle/sources/cxx-stl/gnu-libstdc++/4.9/libs/armeabi-v7a/libgnustl_static.a] ==> lib [/opt/android-sdk-linux/ndk-bundle/sources/cxx-stl/gnu-libstdc++/4.9/libs/armeabi-v7a/libgnustl_static.a]
    arg [-lstdc++] ==> lib [stdc++]
    arg [-lm] ==> lib [m]
    arg [-lgcc] ==> lib [gcc]
    arg [-lgcc] ==> lib [gcc]
    arg [-ldl] ==> lib [dl]
    arg [-lc] ==> lib [c]
    arg [-lgcc] ==> lib [gcc]
    arg [-lgcc] ==> lib [gcc]
    arg [-ldl] ==> lib [dl]
    arg [/opt/android-sdk-linux/ndk-bundle/platforms/android-15/arch-arm/usr/lib/../lib/crtend_android.o] ==> ignore
  remove lib [gcc]
  remove lib [gcc]
  remove lib [gcc]
  remove lib [gcc]
  collapse library dir [/opt/android-sdk-linux/ndk-bundle/toolchains/arm-linux-androideabi-4.9/prebuilt/linux-x86_64/lib/gcc/arm-linux-androideabi/4.9.x] ==> [/opt/android-sdk-linux/ndk-bundle/toolchains/arm-linux-androideabi-4.9/prebuilt/linux-x86_64/lib/gcc/arm-linux-androideabi/4.9.x]
  collapse library dir [/opt/android-sdk-linux/ndk-bundle/toolchains/arm-linux-androideabi-4.9/prebuilt/linux-x86_64/lib/gcc/arm-linux-androideabi/4.9.x/../../../../arm-linux-androideabi/lib/../lib] ==> [/opt/android-sdk-linux/ndk-bundle/toolchains/arm-linux-androideabi-4.9/prebuilt/linux-x86_64/arm-linux-androideabi/lib]
  collapse library dir [/opt/android-sdk-linux/ndk-bundle/platforms/android-15/arch-arm/usr/lib/../lib] ==> [/opt/android-sdk-linux/ndk-bundle/platforms/android-15/arch-arm/usr/lib]
  collapse library dir [/opt/android-sdk-linux/ndk-bundle/toolchains/arm-linux-androideabi-4.9/prebuilt/linux-x86_64/lib/gcc/arm-linux-androideabi/4.9.x/../../../../arm-linux-androideabi/lib] ==> [/opt/android-sdk-linux/ndk-bundle/toolchains/arm-linux-androideabi-4.9/prebuilt/linux-x86_64/arm-linux-androideabi/lib]
  collapse library dir [/opt/android-sdk-linux/ndk-bundle/platforms/android-15/arch-arm/usr/lib] ==> [/opt/android-sdk-linux/ndk-bundle/platforms/android-15/arch-arm/usr/lib]
  implicit libs: [/opt/android-sdk-linux/ndk-bundle/sources/cxx-stl/gnu-libstdc++/4.9/libs/armeabi-v7a/libgnustl_static.a;stdc++;m;dl;c;dl]
  implicit dirs: [/opt/android-sdk-linux/ndk-bundle/toolchains/arm-linux-androideabi-4.9/prebuilt/linux-x86_64/lib/gcc/arm-linux-androideabi/4.9.x;/opt/android-sdk-linux/ndk-bundle/toolchains/arm-linux-androideabi-4.9/prebuilt/linux-x86_64/arm-linux-androideabi/lib;/opt/android-sdk-linux/ndk-bundle/platforms/android-15/arch-arm/usr/lib]
  implicit fwks: []


